# JRE version: OpenJDK Runtime Environment (8.0_242-b01) (build 1.8.0_242-release-1644-b01)
# Java VM: OpenJDK 64-Bit Server VM (25.242-b01 mixed mode windows-amd64 compressed oops)
Heap:
 PSYoungGen      total 644096K, used 215344K [0x00000000d5580000, 0x0000000100000000, 0x0000000100000000)
  eden space 585728K, 32% used [0x00000000d5580000,0x00000000e0ff9a70,0x00000000f9180000)
  from space 58368K, 41% used [0x00000000fc700000,0x00000000fded27d0,0x0000000100000000)
  to   space 54784K, 0% used [0x00000000f9180000,0x00000000f9180000,0x00000000fc700000)
 ParOldGen       total 203776K, used 109009K [0x0000000080000000, 0x000000008c700000, 0x00000000d5580000)
  object space 203776K, 53% used [0x0000000080000000,0x0000000086a74790,0x000000008c700000)
 Metaspace       used 84893K, capacity 89658K, committed 90520K, reserved 1128448K
  class space    used 11141K, capacity 11994K, committed 12208K, reserved 1048576K
GC Heap History (10 events):
Event: 335.495 GC heap before
{Heap before GC invocations=36 (full 4):
 PSYoungGen      total 652288K, used 621223K [0x00000000d5580000, 0x00000000ffe80000, 0x0000000100000000)
  eden space 609792K, 100% used [0x00000000d5580000,0x00000000fa900000,0x00000000fa900000)
  from space 42496K, 26% used [0x00000000fa900000,0x00000000fb429e10,0x00000000fd280000)
  to   space 40960K, 0% used [0x00000000fd680000,0x00000000fd680000,0x00000000ffe80000)
 ParOldGen       total 203776K, used 106509K [0x0000000080000000, 0x000000008c700000, 0x00000000d5580000)
  object space 203776K, 52% used [0x0000000080000000,0x00000000868037a8,0x000000008c700000)
 Metaspace       used 84870K, capacity 89658K, committed 90520K, reserved 1128448K
  class space    used 11141K, capacity 11994K, committed 12208K, reserved 1048576K
Event: 335.557 GC heap after
Heap after GC invocations=36 (full 4):
 PSYoungGen      total 643584K, used 40943K [0x00000000d5580000, 0x0000000100000000, 0x0000000100000000)
  eden space 602624K, 0% used [0x00000000d5580000,0x00000000d5580000,0x00000000fa200000)
  from space 40960K, 99% used [0x00000000fd680000,0x00000000ffe7bcc8,0x00000000ffe80000)
  to   space 48128K, 0% used [0x00000000fa200000,0x00000000fa200000,0x00000000fd100000)
 ParOldGen       total 203776K, used 108729K [0x0000000080000000, 0x000000008c700000, 0x00000000d5580000)
  object space 203776K, 53% used [0x0000000080000000,0x0000000086a2e770,0x000000008c700000)
 Metaspace       used 84870K, capacity 89658K, committed 90520K, reserved 1128448K
  class space    used 11141K, capacity 11994K, committed 12208K, reserved 1048576K
}
Event: 336.677 GC heap before
{Heap before GC invocations=37 (full 4):
 PSYoungGen      total 643584K, used 643567K [0x00000000d5580000, 0x0000000100000000, 0x0000000100000000)
  eden space 602624K, 100% used [0x00000000d5580000,0x00000000fa200000,0x00000000fa200000)
  from space 40960K, 99% used [0x00000000fd680000,0x00000000ffe7bcc8,0x00000000ffe80000)
  to   space 48128K, 0% used [0x00000000fa200000,0x00000000fa200000,0x00000000fd100000)
 ParOldGen       total 203776K, used 108729K [0x0000000080000000, 0x000000008c700000, 0x00000000d5580000)
  object space 203776K, 53% used [0x0000000080000000,0x0000000086a2e770,0x000000008c700000)
 Metaspace       used 84872K, capacity 89658K, committed 90520K, reserved 1128448K
  class space    used 11141K, capacity 11994K, committed 12208K, reserved 1048576K
Event: 336.704 GC heap after
Heap after GC invocations=37 (full 4):
 PSYoungGen      total 643584K, used 40718K [0x00000000d5580000, 0x0000000100000000, 0x0000000100000000)
  eden space 602624K, 0% used [0x00000000d5580000,0x00000000d5580000,0x00000000fa200000)
  from space 40960K, 99% used [0x00000000fa200000,0x00000000fc9c3860,0x00000000fca00000)
  to   space 53760K, 0% used [0x00000000fcb80000,0x00000000fcb80000,0x0000000100000000)
 ParOldGen       total 203776K, used 108881K [0x0000000080000000, 0x000000008c700000, 0x00000000d5580000)
  object space 203776K, 53% used [0x0000000080000000,0x0000000086a54770,0x000000008c700000)
 Metaspace       used 84872K, capacity 89658K, committed 90520K, reserved 1128448K
  class space    used 11141K, capacity 11994K, committed 12208K, reserved 1048576K
}
Event: 337.894 GC heap before
{Heap before GC invocations=38 (full 4):
 PSYoungGen      total 643584K, used 643342K [0x00000000d5580000, 0x0000000100000000, 0x0000000100000000)
  eden space 602624K, 100% used [0x00000000d5580000,0x00000000fa200000,0x00000000fa200000)
  from space 40960K, 99% used [0x00000000fa200000,0x00000000fc9c3860,0x00000000fca00000)
  to   space 53760K, 0% used [0x00000000fcb80000,0x00000000fcb80000,0x0000000100000000)
 ParOldGen       total 203776K, used 108881K [0x0000000080000000, 0x000000008c700000, 0x00000000d5580000)
  object space 203776K, 53% used [0x0000000080000000,0x0000000086a54770,0x000000008c700000)
 Metaspace       used 84875K, capacity 89658K, committed 90520K, reserved 1128448K
  class space    used 11141K, capacity 11994K, committed 12208K, reserved 1048576K
Event: 337.931 GC heap after
Heap after GC invocations=38 (full 4):
 PSYoungGen      total 640000K, used 37121K [0x00000000d5580000, 0x0000000100000000, 0x0000000100000000)
  eden space 586240K, 0% used [0x00000000d5580000,0x00000000d5580000,0x00000000f9200000)
  from space 53760K, 69% used [0x00000000fcb80000,0x00000000fefc07e0,0x0000000100000000)
  to   space 56320K, 0% used [0x00000000f9200000,0x00000000f9200000,0x00000000fc900000)
 ParOldGen       total 203776K, used 108881K [0x0000000080000000, 0x000000008c700000, 0x00000000d5580000)
  object space 203776K, 53% used [0x0000000080000000,0x0000000086a54770,0x000000008c700000)
 Metaspace       used 84875K, capacity 89658K, committed 90520K, reserved 1128448K
  class space    used 11141K, capacity 11994K, committed 12208K, reserved 1048576K
}
Event: 338.635 GC heap before
{Heap before GC invocations=39 (full 4):
 PSYoungGen      total 640000K, used 623361K [0x00000000d5580000, 0x0000000100000000, 0x0000000100000000)
  eden space 586240K, 100% used [0x00000000d5580000,0x00000000f9200000,0x00000000f9200000)
  from space 53760K, 69% used [0x00000000fcb80000,0x00000000fefc07e0,0x0000000100000000)
  to   space 56320K, 0% used [0x00000000f9200000,0x00000000f9200000,0x00000000fc900000)
 ParOldGen       total 203776K, used 108881K [0x0000000080000000, 0x000000008c700000, 0x00000000d5580000)
  object space 203776K, 53% used [0x0000000080000000,0x0000000086a54770,0x000000008c700000)
 Metaspace       used 84876K, capacity 89658K, committed 90520K, reserved 1128448K
  class space    used 11141K, capacity 11994K, committed 12208K, reserved 1048576K
Event: 338.670 GC heap after
Heap after GC invocations=39 (full 4):
 PSYoungGen      total 623104K, used 36851K [0x00000000d5580000, 0x0000000100000000, 0x0000000100000000)
  eden space 586240K, 0% used [0x00000000d5580000,0x00000000d5580000,0x00000000f9200000)
  from space 36864K, 99% used [0x00000000f9200000,0x00000000fb5fce70,0x00000000fb600000)
  to   space 58368K, 0% used [0x00000000fc700000,0x00000000fc700000,0x0000000100000000)
 ParOldGen       total 203776K, used 108881K [0x0000000080000000, 0x000000008c700000, 0x00000000d5580000)
  object space 203776K, 53% used [0x0000000080000000,0x0000000086a54770,0x000000008c700000)
 Metaspace       used 84876K, capacity 89658K, committed 90520K, reserved 1128448K
  class space    used 11141K, capacity 11994K, committed 12208K, reserved 1048576K
}
Event: 339.897 GC heap before
{Heap before GC invocations=40 (full 4):
 PSYoungGen      total 623104K, used 623091K [0x00000000d5580000, 0x0000000100000000, 0x0000000100000000)
  eden space 586240K, 100% used [0x00000000d5580000,0x00000000f9200000,0x00000000f9200000)
  from space 36864K, 99% used [0x00000000f9200000,0x00000000fb5fce70,0x00000000fb600000)
  to   space 58368K, 0% used [0x00000000fc700000,0x00000000fc700000,0x0000000100000000)
 ParOldGen       total 203776K, used 108881K [0x0000000080000000, 0x000000008c700000, 0x00000000d5580000)
  object space 203776K, 53% used [0x0000000080000000,0x0000000086a54770,0x000000008c700000)
 Metaspace       used 84893K, capacity 89658K, committed 90520K, reserved 1128448K
  class space    used 11141K, capacity 11994K, committed 12208K, reserved 1048576K
Event: 339.924 GC heap after
Heap after GC invocations=40 (full 4):
 PSYoungGen      total 644096K, used 24393K [0x00000000d5580000, 0x0000000100000000, 0x0000000100000000)
  eden space 585728K, 0% used [0x00000000d5580000,0x00000000d5580000,0x00000000f9180000)
  from space 58368K, 41% used [0x00000000fc700000,0x00000000fded27d0,0x0000000100000000)
  to   space 54784K, 0% used [0x00000000f9180000,0x00000000f9180000,0x00000000fc700000)
 ParOldGen       total 203776K, used 109009K [0x0000000080000000, 0x000000008c700000, 0x00000000d5580000)
  object space 203776K, 53% used [0x0000000080000000,0x0000000086a74790,0x000000008c700000)
 Metaspace       used 84893K, capacity 89658K, committed 90520K, reserved 1128448K
  class space    used 11141K, capacity 11994K, committed 12208K, reserved 1048576K
}

